16:48:25.036 [main] INFO  org.hibernate.Version - HHH000412: Hibernate ORM core version 6.1.4.Final
16:48:26.858 [main] INFO  o.h.e.j.c.i.ConnectionProviderInitiator - HHH000130: Instantiating explicit connection provider: org.hibernate.hikaricp.internal.HikariCPConnectionProvider
16:48:26.878 [main] INFO  com.zaxxer.hikari.HikariDataSource - HikariPool-1 - Starting...
16:48:27.630 [main] INFO  com.zaxxer.hikari.HikariDataSource - HikariPool-1 - Start completed.
16:48:27.884 [main] INFO  SQL dialect - HHH000400: Using dialect: org.hibernate.dialect.PostgreSQLDialect
16:48:30.168 [main] INFO  o.h.e.t.j.p.i.JtaPlatformInitiator - HHH000490: Using JtaPlatform implementation: [org.hibernate.engine.transaction.jta.platform.internal.NoJtaPlatform]
16:49:26.870 [main] INFO  com.zaxxer.hikari.HikariDataSource - HikariPool-1 - Shutdown initiated...
16:49:26.875 [main] INFO  com.zaxxer.hikari.HikariDataSource - HikariPool-1 - Shutdown completed.
16:49:26.876 [main] ERROR com.alevel.java.report.ubike.IngestApp - Error during user interaction
java.util.InputMismatchException: null
	at java.base/java.util.Scanner.throwFor(Scanner.java:939)
	at java.base/java.util.Scanner.next(Scanner.java:1594)
	at java.base/java.util.Scanner.nextDouble(Scanner.java:2564)
	at cli.com.alevel.java.report.ubike.addWaypoint.run(addWaypoint.java:29)
	at com.alevel.java.report.ubike.IngestApp.run(IngestApp.java:38)
	at com.alevel.java.report.ubike.IngestApp.main(IngestApp.java:18)
16:53:59.519 [main] INFO  org.hibernate.Version - HHH000412: Hibernate ORM core version 6.1.4.Final
16:54:00.941 [main] INFO  o.h.e.j.c.i.ConnectionProviderInitiator - HHH000130: Instantiating explicit connection provider: org.hibernate.hikaricp.internal.HikariCPConnectionProvider
16:54:00.964 [main] INFO  com.zaxxer.hikari.HikariDataSource - HikariPool-1 - Starting...
16:54:01.383 [main] INFO  com.zaxxer.hikari.HikariDataSource - HikariPool-1 - Start completed.
16:54:01.455 [main] INFO  SQL dialect - HHH000400: Using dialect: org.hibernate.dialect.PostgreSQLDialect
16:54:03.040 [main] INFO  o.h.e.t.j.p.i.JtaPlatformInitiator - HHH000490: Using JtaPlatform implementation: [org.hibernate.engine.transaction.jta.platform.internal.NoJtaPlatform]
16:54:25.468 [main] INFO  com.zaxxer.hikari.HikariDataSource - HikariPool-1 - Shutdown initiated...
16:54:25.478 [main] INFO  com.zaxxer.hikari.HikariDataSource - HikariPool-1 - Shutdown completed.
16:54:25.479 [main] ERROR com.alevel.java.report.ubike.IngestApp - Error during user interaction
java.lang.IllegalStateException: org.hibernate.resource.jdbc.internal.LogicalConnectionManagedImpl@2519026b is closed
	at org.hibernate.resource.jdbc.internal.AbstractLogicalConnectionImplementor.errorIfClosed(AbstractLogicalConnectionImplementor.java:37)
	at org.hibernate.resource.jdbc.internal.LogicalConnectionManagedImpl.getPhysicalConnection(LogicalConnectionManagedImpl.java:136)
	at org.hibernate.resource.jdbc.internal.LogicalConnectionManagedImpl.getConnectionForTransactionManagement(LogicalConnectionManagedImpl.java:267)
	at org.hibernate.resource.jdbc.internal.AbstractLogicalConnectionImplementor.rollback(AbstractLogicalConnectionImplementor.java:121)
	at org.hibernate.resource.transaction.backend.jdbc.internal.JdbcResourceLocalTransactionCoordinatorImpl$TransactionDriverControlImpl.rollback(JdbcResourceLocalTransactionCoordinatorImpl.java:304)
	at org.hibernate.engine.transaction.internal.TransactionImpl.rollback(TransactionImpl.java:142)
	at command.com.alevel.java.report.ubike.IngestWaypointCommand.execute(IngestWaypointCommand.java:62)
	at command.com.alevel.java.report.ubike.IngestWaypointCommand.execute(IngestWaypointCommand.java:16)
	at cli.com.alevel.java.report.ubike.addWaypoint.run(addWaypoint.java:41)
	at com.alevel.java.report.ubike.IngestApp.run(IngestApp.java:38)
	at com.alevel.java.report.ubike.IngestApp.main(IngestApp.java:18)
16:56:14.036 [main] INFO  org.hibernate.Version - HHH000412: Hibernate ORM core version 6.1.4.Final
16:56:15.865 [main] INFO  o.h.e.j.c.i.ConnectionProviderInitiator - HHH000130: Instantiating explicit connection provider: org.hibernate.hikaricp.internal.HikariCPConnectionProvider
16:56:16.182 [main] INFO  com.zaxxer.hikari.HikariDataSource - HikariPool-1 - Starting...
16:56:16.739 [main] INFO  com.zaxxer.hikari.HikariDataSource - HikariPool-1 - Start completed.
16:56:16.833 [main] INFO  SQL dialect - HHH000400: Using dialect: org.hibernate.dialect.PostgreSQLDialect
16:56:18.793 [main] INFO  o.h.e.t.j.p.i.JtaPlatformInitiator - HHH000490: Using JtaPlatform implementation: [org.hibernate.engine.transaction.jta.platform.internal.NoJtaPlatform]
16:57:03.228 [main] INFO  com.zaxxer.hikari.HikariDataSource - HikariPool-1 - Shutdown initiated...
16:57:03.250 [main] INFO  com.zaxxer.hikari.HikariDataSource - HikariPool-1 - Shutdown completed.
16:57:30.157 [main] ERROR com.alevel.java.report.ubike.IngestApp - Error during user interaction
java.lang.IllegalStateException: org.hibernate.resource.jdbc.internal.LogicalConnectionManagedImpl@171dc7c3 is closed
	at org.hibernate.resource.jdbc.internal.AbstractLogicalConnectionImplementor.errorIfClosed(AbstractLogicalConnectionImplementor.java:37)
	at org.hibernate.resource.jdbc.internal.LogicalConnectionManagedImpl.getPhysicalConnection(LogicalConnectionManagedImpl.java:136)
	at org.hibernate.resource.jdbc.internal.LogicalConnectionManagedImpl.getConnectionForTransactionManagement(LogicalConnectionManagedImpl.java:267)
	at org.hibernate.resource.jdbc.internal.AbstractLogicalConnectionImplementor.rollback(AbstractLogicalConnectionImplementor.java:121)
	at org.hibernate.resource.transaction.backend.jdbc.internal.JdbcResourceLocalTransactionCoordinatorImpl$TransactionDriverControlImpl.rollback(JdbcResourceLocalTransactionCoordinatorImpl.java:304)
	at org.hibernate.engine.transaction.internal.TransactionImpl.rollback(TransactionImpl.java:142)
	at command.com.alevel.java.report.ubike.IngestWaypointCommand.execute(IngestWaypointCommand.java:62)
	at command.com.alevel.java.report.ubike.IngestWaypointCommand.execute(IngestWaypointCommand.java:16)
	at cli.com.alevel.java.report.ubike.addWaypoint.run(addWaypoint.java:41)
	at com.alevel.java.report.ubike.IngestApp.run(IngestApp.java:38)
	at com.alevel.java.report.ubike.IngestApp.main(IngestApp.java:18)
16:59:34.645 [main] INFO  org.hibernate.Version - HHH000412: Hibernate ORM core version 6.1.4.Final
16:59:36.111 [main] INFO  o.h.e.j.c.i.ConnectionProviderInitiator - HHH000130: Instantiating explicit connection provider: org.hibernate.hikaricp.internal.HikariCPConnectionProvider
16:59:36.135 [main] INFO  com.zaxxer.hikari.HikariDataSource - HikariPool-1 - Starting...
16:59:36.667 [main] INFO  com.zaxxer.hikari.HikariDataSource - HikariPool-1 - Start completed.
16:59:36.741 [main] INFO  SQL dialect - HHH000400: Using dialect: org.hibernate.dialect.PostgreSQLDialect
16:59:38.351 [main] INFO  o.h.e.t.j.p.i.JtaPlatformInitiator - HHH000490: Using JtaPlatform implementation: [org.hibernate.engine.transaction.jta.platform.internal.NoJtaPlatform]
17:03:18.561 [main] INFO  com.zaxxer.hikari.HikariDataSource - HikariPool-1 - Shutdown initiated...
17:03:18.576 [main] INFO  com.zaxxer.hikari.HikariDataSource - HikariPool-1 - Shutdown completed.
17:03:18.576 [main] ERROR com.alevel.java.report.ubike.IngestApp - Error during user interaction
java.lang.IllegalStateException: org.hibernate.resource.jdbc.internal.LogicalConnectionManagedImpl@14d25b6e is closed
	at org.hibernate.resource.jdbc.internal.AbstractLogicalConnectionImplementor.errorIfClosed(AbstractLogicalConnectionImplementor.java:37)
	at org.hibernate.resource.jdbc.internal.LogicalConnectionManagedImpl.getPhysicalConnection(LogicalConnectionManagedImpl.java:136)
	at org.hibernate.resource.jdbc.internal.LogicalConnectionManagedImpl.getConnectionForTransactionManagement(LogicalConnectionManagedImpl.java:267)
	at org.hibernate.resource.jdbc.internal.AbstractLogicalConnectionImplementor.rollback(AbstractLogicalConnectionImplementor.java:121)
	at org.hibernate.resource.transaction.backend.jdbc.internal.JdbcResourceLocalTransactionCoordinatorImpl$TransactionDriverControlImpl.rollback(JdbcResourceLocalTransactionCoordinatorImpl.java:304)
	at org.hibernate.engine.transaction.internal.TransactionImpl.rollback(TransactionImpl.java:142)
	at command.com.alevel.java.report.ubike.IngestWaypointCommand.execute(IngestWaypointCommand.java:62)
	at command.com.alevel.java.report.ubike.IngestWaypointCommand.execute(IngestWaypointCommand.java:16)
	at cli.com.alevel.java.report.ubike.addWaypoint.run(addWaypoint.java:44)
	at com.alevel.java.report.ubike.IngestApp.run(IngestApp.java:38)
	at com.alevel.java.report.ubike.IngestApp.main(IngestApp.java:18)
17:37:30.643 [main] INFO  org.hibernate.Version - HHH000412: Hibernate ORM core version 6.1.4.Final
17:37:32.222 [main] INFO  o.h.e.j.c.i.ConnectionProviderInitiator - HHH000130: Instantiating explicit connection provider: org.hibernate.hikaricp.internal.HikariCPConnectionProvider
17:37:32.247 [main] INFO  com.zaxxer.hikari.HikariDataSource - HikariPool-1 - Starting...
17:37:32.931 [main] INFO  com.zaxxer.hikari.HikariDataSource - HikariPool-1 - Start completed.
17:37:33.031 [main] INFO  SQL dialect - HHH000400: Using dialect: org.hibernate.dialect.PostgreSQLDialect
17:37:35.212 [main] INFO  o.h.e.t.j.p.i.JtaPlatformInitiator - HHH000490: Using JtaPlatform implementation: [org.hibernate.engine.transaction.jta.platform.internal.NoJtaPlatform]
17:49:34.312 [HikariPool-1 housekeeper] WARN  com.zaxxer.hikari.pool.HikariPool - HikariPool-1 - Thread starvation or clock leap detected (housekeeper delta=10m8s39ms83µs200ns).
17:49:34.326 [main] INFO  com.zaxxer.hikari.HikariDataSource - HikariPool-1 - Shutdown initiated...
17:49:34.337 [main] INFO  com.zaxxer.hikari.HikariDataSource - HikariPool-1 - Shutdown completed.
17:49:34.338 [main] ERROR com.alevel.java.report.ubike.IngestApp - Error during user interaction
java.lang.IllegalStateException: org.hibernate.resource.jdbc.internal.LogicalConnectionManagedImpl@41f3aaf1 is closed
	at org.hibernate.resource.jdbc.internal.AbstractLogicalConnectionImplementor.errorIfClosed(AbstractLogicalConnectionImplementor.java:37)
	at org.hibernate.resource.jdbc.internal.LogicalConnectionManagedImpl.getPhysicalConnection(LogicalConnectionManagedImpl.java:136)
	at org.hibernate.resource.jdbc.internal.LogicalConnectionManagedImpl.getConnectionForTransactionManagement(LogicalConnectionManagedImpl.java:267)
	at org.hibernate.resource.jdbc.internal.AbstractLogicalConnectionImplementor.rollback(AbstractLogicalConnectionImplementor.java:121)
	at org.hibernate.resource.transaction.backend.jdbc.internal.JdbcResourceLocalTransactionCoordinatorImpl$TransactionDriverControlImpl.rollback(JdbcResourceLocalTransactionCoordinatorImpl.java:304)
	at org.hibernate.engine.transaction.internal.TransactionImpl.rollback(TransactionImpl.java:142)
	at command.com.alevel.java.report.ubike.IngestWaypointCommand.execute(IngestWaypointCommand.java:62)
	at command.com.alevel.java.report.ubike.IngestWaypointCommand.execute(IngestWaypointCommand.java:16)
	at cli.com.alevel.java.report.ubike.addWaypoint.run(addWaypoint.java:44)
	at com.alevel.java.report.ubike.IngestApp.run(IngestApp.java:38)
	at com.alevel.java.report.ubike.IngestApp.main(IngestApp.java:18)
17:51:37.813 [main] INFO  org.hibernate.Version - HHH000412: Hibernate ORM core version 6.1.4.Final
17:51:39.166 [main] INFO  o.h.e.j.c.i.ConnectionProviderInitiator - HHH000130: Instantiating explicit connection provider: org.hibernate.hikaricp.internal.HikariCPConnectionProvider
17:51:39.187 [main] INFO  com.zaxxer.hikari.HikariDataSource - HikariPool-1 - Starting...
17:51:39.791 [main] INFO  com.zaxxer.hikari.HikariDataSource - HikariPool-1 - Start completed.
17:51:39.924 [main] INFO  SQL dialect - HHH000400: Using dialect: org.hibernate.dialect.PostgreSQLDialect
17:51:41.716 [main] INFO  o.h.e.t.j.p.i.JtaPlatformInitiator - HHH000490: Using JtaPlatform implementation: [org.hibernate.engine.transaction.jta.platform.internal.NoJtaPlatform]
17:52:27.604 [main] INFO  org.hibernate.Version - HHH000412: Hibernate ORM core version 6.1.4.Final
17:52:28.921 [main] INFO  o.h.e.j.c.i.ConnectionProviderInitiator - HHH000130: Instantiating explicit connection provider: org.hibernate.hikaricp.internal.HikariCPConnectionProvider
17:52:28.945 [main] INFO  com.zaxxer.hikari.HikariDataSource - HikariPool-1 - Starting...
17:52:29.477 [main] INFO  com.zaxxer.hikari.HikariDataSource - HikariPool-1 - Start completed.
17:52:29.585 [main] INFO  SQL dialect - HHH000400: Using dialect: org.hibernate.dialect.PostgreSQLDialect
17:52:31.338 [main] INFO  o.h.e.t.j.p.i.JtaPlatformInitiator - HHH000490: Using JtaPlatform implementation: [org.hibernate.engine.transaction.jta.platform.internal.NoJtaPlatform]
17:53:38.779 [HikariPool-1 housekeeper] WARN  com.zaxxer.hikari.pool.HikariPool - HikariPool-1 - Thread starvation or clock leap detected (housekeeper delta=1m9s191ms328µs900ns).
17:54:27.390 [main] INFO  com.zaxxer.hikari.HikariDataSource - HikariPool-1 - Shutdown initiated...
17:54:27.400 [main] INFO  com.zaxxer.hikari.HikariDataSource - HikariPool-1 - Shutdown completed.
17:54:30.083 [main] ERROR com.alevel.java.report.ubike.IngestApp - Error during user interaction
java.util.IllegalFormatConversionException: d != java.lang.Double
	at java.base/java.util.Formatter$FormatSpecifier.failConversion(Formatter.java:4442)
	at java.base/java.util.Formatter$FormatSpecifier.printInteger(Formatter.java:2963)
	at java.base/java.util.Formatter$FormatSpecifier.print(Formatter.java:2918)
	at java.base/java.util.Formatter.format(Formatter.java:2689)
	at java.base/java.io.PrintStream.format(PrintStream.java:1209)
	at java.base/java.io.PrintStream.printf(PrintStream.java:1105)
	at cli.com.alevel.java.report.ubike.addWaypoint.run(addWaypoint.java:46)
	at com.alevel.java.report.ubike.IngestApp.run(IngestApp.java:38)
	at com.alevel.java.report.ubike.IngestApp.main(IngestApp.java:18)
17:57:26.982 [main] INFO  org.hibernate.Version - HHH000412: Hibernate ORM core version 6.1.4.Final
17:57:28.056 [main] INFO  o.h.e.j.c.i.ConnectionProviderInitiator - HHH000130: Instantiating explicit connection provider: org.hibernate.hikaricp.internal.HikariCPConnectionProvider
17:57:28.074 [main] INFO  com.zaxxer.hikari.HikariDataSource - HikariPool-1 - Starting...
17:57:28.684 [main] INFO  com.zaxxer.hikari.HikariDataSource - HikariPool-1 - Start completed.
17:57:28.758 [main] INFO  SQL dialect - HHH000400: Using dialect: org.hibernate.dialect.PostgreSQLDialect
17:57:30.547 [main] INFO  o.h.e.t.j.p.i.JtaPlatformInitiator - HHH000490: Using JtaPlatform implementation: [org.hibernate.engine.transaction.jta.platform.internal.NoJtaPlatform]
17:58:24.973 [HikariPool-1 housekeeper] WARN  com.zaxxer.hikari.pool.HikariPool - HikariPool-1 - Thread starvation or clock leap detected (housekeeper delta=56s169ms174µs700ns).
17:58:29.696 [main] WARN  o.h.e.jdbc.spi.SqlExceptionHelper - SQL Error: 0, SQLState: 23505
17:58:29.697 [main] ERROR o.h.e.jdbc.spi.SqlExceptionHelper - ERROR: duplicate key value violates unique constraint "waypoints_altitude_longitude_key"
  Подробности: Key (altitude, longitude)=(36.3017248271922, 49.9440577955848) already exists.
17:58:56.554 [main] INFO  com.zaxxer.hikari.HikariDataSource - HikariPool-1 - Shutdown initiated...
17:58:56.565 [main] INFO  com.zaxxer.hikari.HikariDataSource - HikariPool-1 - Shutdown completed.
17:59:43.212 [main] ERROR com.alevel.java.report.ubike.IngestApp - Error during user interaction
java.lang.IllegalStateException: org.hibernate.resource.jdbc.internal.LogicalConnectionManagedImpl@6c538eb2 is closed
	at org.hibernate.resource.jdbc.internal.AbstractLogicalConnectionImplementor.errorIfClosed(AbstractLogicalConnectionImplementor.java:37)
	at org.hibernate.resource.jdbc.internal.LogicalConnectionManagedImpl.getPhysicalConnection(LogicalConnectionManagedImpl.java:136)
	at org.hibernate.resource.jdbc.internal.LogicalConnectionManagedImpl.getConnectionForTransactionManagement(LogicalConnectionManagedImpl.java:267)
	at org.hibernate.resource.jdbc.internal.AbstractLogicalConnectionImplementor.rollback(AbstractLogicalConnectionImplementor.java:121)
	at org.hibernate.resource.transaction.backend.jdbc.internal.JdbcResourceLocalTransactionCoordinatorImpl$TransactionDriverControlImpl.rollback(JdbcResourceLocalTransactionCoordinatorImpl.java:304)
	at org.hibernate.engine.transaction.internal.TransactionImpl.rollback(TransactionImpl.java:142)
	at command.com.alevel.java.report.ubike.IngestWaypointCommand.execute(IngestWaypointCommand.java:58)
	at command.com.alevel.java.report.ubike.IngestWaypointCommand.execute(IngestWaypointCommand.java:16)
	at cli.com.alevel.java.report.ubike.addWaypoint.run(addWaypoint.java:44)
	at com.alevel.java.report.ubike.IngestApp.run(IngestApp.java:38)
	at com.alevel.java.report.ubike.IngestApp.main(IngestApp.java:18)
18:07:02.773 [main] INFO  org.hibernate.Version - HHH000412: Hibernate ORM core version 6.1.4.Final
18:07:04.084 [main] INFO  o.h.e.j.c.i.ConnectionProviderInitiator - HHH000130: Instantiating explicit connection provider: org.hibernate.hikaricp.internal.HikariCPConnectionProvider
18:07:04.101 [main] INFO  com.zaxxer.hikari.HikariDataSource - HikariPool-1 - Starting...
18:07:04.634 [main] INFO  com.zaxxer.hikari.HikariDataSource - HikariPool-1 - Start completed.
18:07:04.718 [main] INFO  SQL dialect - HHH000400: Using dialect: org.hibernate.dialect.PostgreSQLDialect
18:07:06.283 [main] INFO  o.h.e.t.j.p.i.JtaPlatformInitiator - HHH000490: Using JtaPlatform implementation: [org.hibernate.engine.transaction.jta.platform.internal.NoJtaPlatform]
18:07:12.671 [main] INFO  org.hibernate.Version - HHH000412: Hibernate ORM core version 6.1.4.Final
18:07:14.293 [main] INFO  o.h.e.j.c.i.ConnectionProviderInitiator - HHH000130: Instantiating explicit connection provider: org.hibernate.hikaricp.internal.HikariCPConnectionProvider
18:07:14.319 [main] INFO  com.zaxxer.hikari.HikariDataSource - HikariPool-1 - Starting...
18:07:14.877 [main] INFO  com.zaxxer.hikari.HikariDataSource - HikariPool-1 - Start completed.
18:07:14.963 [main] INFO  SQL dialect - HHH000400: Using dialect: org.hibernate.dialect.PostgreSQLDialect
18:07:17.200 [main] INFO  o.h.e.t.j.p.i.JtaPlatformInitiator - HHH000490: Using JtaPlatform implementation: [org.hibernate.engine.transaction.jta.platform.internal.NoJtaPlatform]
18:08:06.324 [HikariPool-1 housekeeper] WARN  com.zaxxer.hikari.pool.HikariPool - HikariPool-1 - Thread starvation or clock leap detected (housekeeper delta=51s334ms810µs400ns).
18:08:09.851 [main] WARN  o.h.e.jdbc.spi.SqlExceptionHelper - SQL Error: 0, SQLState: 23505
18:08:09.852 [main] ERROR o.h.e.jdbc.spi.SqlExceptionHelper - ERROR: duplicate key value violates unique constraint "waypoints_altitude_longitude_key"
  Подробности: Key (altitude, longitude)=(36.3017248271922, 49.9440577955848) already exists.
18:08:36.670 [main] INFO  com.zaxxer.hikari.HikariDataSource - HikariPool-1 - Shutdown initiated...
18:08:36.679 [main] INFO  com.zaxxer.hikari.HikariDataSource - HikariPool-1 - Shutdown completed.
18:08:43.031 [main] ERROR com.alevel.java.report.ubike.IngestApp - Error during user interaction
java.lang.IllegalStateException: org.hibernate.resource.jdbc.internal.LogicalConnectionManagedImpl@62ade015 is closed
	at org.hibernate.resource.jdbc.internal.AbstractLogicalConnectionImplementor.errorIfClosed(AbstractLogicalConnectionImplementor.java:37)
	at org.hibernate.resource.jdbc.internal.LogicalConnectionManagedImpl.getPhysicalConnection(LogicalConnectionManagedImpl.java:136)
	at org.hibernate.resource.jdbc.internal.LogicalConnectionManagedImpl.getConnectionForTransactionManagement(LogicalConnectionManagedImpl.java:267)
	at org.hibernate.resource.jdbc.internal.AbstractLogicalConnectionImplementor.rollback(AbstractLogicalConnectionImplementor.java:121)
	at org.hibernate.resource.transaction.backend.jdbc.internal.JdbcResourceLocalTransactionCoordinatorImpl$TransactionDriverControlImpl.rollback(JdbcResourceLocalTransactionCoordinatorImpl.java:304)
	at org.hibernate.engine.transaction.internal.TransactionImpl.rollback(TransactionImpl.java:142)
	at command.com.alevel.java.report.ubike.IngestWaypointCommand.execute(IngestWaypointCommand.java:58)
	at command.com.alevel.java.report.ubike.IngestWaypointCommand.execute(IngestWaypointCommand.java:16)
	at cli.com.alevel.java.report.ubike.addWaypoint.run(addWaypoint.java:44)
	at com.alevel.java.report.ubike.IngestApp.run(IngestApp.java:38)
	at com.alevel.java.report.ubike.IngestApp.main(IngestApp.java:18)
18:10:54.820 [main] INFO  org.hibernate.Version - HHH000412: Hibernate ORM core version 6.1.4.Final
18:10:56.067 [main] INFO  o.h.e.j.c.i.ConnectionProviderInitiator - HHH000130: Instantiating explicit connection provider: org.hibernate.hikaricp.internal.HikariCPConnectionProvider
18:10:56.088 [main] INFO  com.zaxxer.hikari.HikariDataSource - HikariPool-1 - Starting...
18:10:56.557 [main] INFO  com.zaxxer.hikari.HikariDataSource - HikariPool-1 - Start completed.
18:10:56.650 [main] INFO  SQL dialect - HHH000400: Using dialect: org.hibernate.dialect.PostgreSQLDialect
18:10:58.221 [main] INFO  o.h.e.t.j.p.i.JtaPlatformInitiator - HHH000490: Using JtaPlatform implementation: [org.hibernate.engine.transaction.jta.platform.internal.NoJtaPlatform]
18:11:47.325 [HikariPool-1 housekeeper] WARN  com.zaxxer.hikari.pool.HikariPool - HikariPool-1 - Thread starvation or clock leap detected (housekeeper delta=50s660ms523µs400ns).
18:13:48.754 [HikariPool-1 housekeeper] WARN  com.zaxxer.hikari.pool.HikariPool - HikariPool-1 - Thread starvation or clock leap detected (housekeeper delta=1m31s332ms171µs600ns).
18:14:30.434 [main] INFO  com.zaxxer.hikari.HikariDataSource - HikariPool-1 - Shutdown initiated...
18:14:30.453 [main] INFO  com.zaxxer.hikari.HikariDataSource - HikariPool-1 - Shutdown completed.
18:15:47.155 [main] ERROR com.alevel.java.report.ubike.IngestApp - Error during user interaction
java.util.IllegalFormatConversionException: d != java.lang.Double
	at java.base/java.util.Formatter$FormatSpecifier.failConversion(Formatter.java:4442)
	at java.base/java.util.Formatter$FormatSpecifier.printInteger(Formatter.java:2963)
	at java.base/java.util.Formatter$FormatSpecifier.print(Formatter.java:2918)
	at java.base/java.util.Formatter.format(Formatter.java:2689)
	at java.base/java.io.PrintStream.format(PrintStream.java:1209)
	at java.base/java.io.PrintStream.printf(PrintStream.java:1105)
	at cli.com.alevel.java.report.ubike.addWaypoint.run(addWaypoint.java:47)
	at com.alevel.java.report.ubike.IngestApp.run(IngestApp.java:38)
	at com.alevel.java.report.ubike.IngestApp.main(IngestApp.java:18)
18:15:54.407 [main] INFO  org.hibernate.Version - HHH000412: Hibernate ORM core version 6.1.4.Final
18:15:55.674 [main] INFO  o.h.e.j.c.i.ConnectionProviderInitiator - HHH000130: Instantiating explicit connection provider: org.hibernate.hikaricp.internal.HikariCPConnectionProvider
18:15:55.705 [main] INFO  com.zaxxer.hikari.HikariDataSource - HikariPool-1 - Starting...
18:15:56.257 [main] INFO  com.zaxxer.hikari.HikariDataSource - HikariPool-1 - Start completed.
18:15:56.330 [main] INFO  SQL dialect - HHH000400: Using dialect: org.hibernate.dialect.PostgreSQLDialect
18:15:57.855 [main] INFO  o.h.e.t.j.p.i.JtaPlatformInitiator - HHH000490: Using JtaPlatform implementation: [org.hibernate.engine.transaction.jta.platform.internal.NoJtaPlatform]
18:16:18.566 [main] WARN  o.h.e.jdbc.spi.SqlExceptionHelper - SQL Error: 0, SQLState: 23505
18:16:18.566 [main] ERROR o.h.e.jdbc.spi.SqlExceptionHelper - ERROR: duplicate key value violates unique constraint "waypoints_altitude_longitude_key"
  Подробности: Key (altitude, longitude)=(49.9440577955848, 36.3017248271922) already exists.
18:16:21.074 [main] INFO  com.zaxxer.hikari.HikariDataSource - HikariPool-1 - Shutdown initiated...
18:16:21.091 [main] INFO  com.zaxxer.hikari.HikariDataSource - HikariPool-1 - Shutdown completed.
18:16:28.146 [main] ERROR com.alevel.java.report.ubike.IngestApp - Error during user interaction
java.lang.IllegalStateException: org.hibernate.resource.jdbc.internal.LogicalConnectionManagedImpl@738a5848 is closed
	at org.hibernate.resource.jdbc.internal.AbstractLogicalConnectionImplementor.errorIfClosed(AbstractLogicalConnectionImplementor.java:37)
	at org.hibernate.resource.jdbc.internal.LogicalConnectionManagedImpl.getPhysicalConnection(LogicalConnectionManagedImpl.java:136)
	at org.hibernate.resource.jdbc.internal.LogicalConnectionManagedImpl.getConnectionForTransactionManagement(LogicalConnectionManagedImpl.java:267)
	at org.hibernate.resource.jdbc.internal.AbstractLogicalConnectionImplementor.rollback(AbstractLogicalConnectionImplementor.java:121)
	at org.hibernate.resource.transaction.backend.jdbc.internal.JdbcResourceLocalTransactionCoordinatorImpl$TransactionDriverControlImpl.rollback(JdbcResourceLocalTransactionCoordinatorImpl.java:304)
	at org.hibernate.engine.transaction.internal.TransactionImpl.rollback(TransactionImpl.java:142)
	at command.com.alevel.java.report.ubike.IngestWaypointCommand.execute(IngestWaypointCommand.java:58)
	at command.com.alevel.java.report.ubike.IngestWaypointCommand.execute(IngestWaypointCommand.java:16)
	at cli.com.alevel.java.report.ubike.addWaypoint.run(addWaypoint.java:45)
	at com.alevel.java.report.ubike.IngestApp.run(IngestApp.java:38)
	at com.alevel.java.report.ubike.IngestApp.main(IngestApp.java:18)
18:16:46.635 [main] INFO  org.hibernate.Version - HHH000412: Hibernate ORM core version 6.1.4.Final
18:16:47.760 [main] INFO  o.h.e.j.c.i.ConnectionProviderInitiator - HHH000130: Instantiating explicit connection provider: org.hibernate.hikaricp.internal.HikariCPConnectionProvider
18:16:47.779 [main] INFO  com.zaxxer.hikari.HikariDataSource - HikariPool-1 - Starting...
18:16:48.360 [main] INFO  com.zaxxer.hikari.HikariDataSource - HikariPool-1 - Start completed.
18:16:48.524 [main] INFO  SQL dialect - HHH000400: Using dialect: org.hibernate.dialect.PostgreSQLDialect
18:16:50.455 [main] INFO  o.h.e.t.j.p.i.JtaPlatformInitiator - HHH000490: Using JtaPlatform implementation: [org.hibernate.engine.transaction.jta.platform.internal.NoJtaPlatform]
18:17:06.582 [main] WARN  o.h.e.jdbc.spi.SqlExceptionHelper - SQL Error: 0, SQLState: 23505
18:17:06.583 [main] ERROR o.h.e.jdbc.spi.SqlExceptionHelper - ERROR: duplicate key value violates unique constraint "waypoints_altitude_longitude_key"
  Подробности: Key (altitude, longitude)=(49.9440577955848, 36.3017248271922) already exists.
18:17:40.835 [HikariPool-1 housekeeper] WARN  com.zaxxer.hikari.pool.HikariPool - HikariPool-1 - Thread starvation or clock leap detected (housekeeper delta=52s335ms681µs900ns).
18:17:46.781 [main] INFO  com.zaxxer.hikari.HikariDataSource - HikariPool-1 - Shutdown initiated...
18:17:46.793 [main] INFO  com.zaxxer.hikari.HikariDataSource - HikariPool-1 - Shutdown completed.
18:17:53.752 [main] ERROR com.alevel.java.report.ubike.IngestApp - Error during user interaction
java.lang.IllegalStateException: org.hibernate.resource.jdbc.internal.LogicalConnectionManagedImpl@62ade015 is closed
	at org.hibernate.resource.jdbc.internal.AbstractLogicalConnectionImplementor.errorIfClosed(AbstractLogicalConnectionImplementor.java:37)
	at org.hibernate.resource.jdbc.internal.LogicalConnectionManagedImpl.getPhysicalConnection(LogicalConnectionManagedImpl.java:136)
	at org.hibernate.resource.jdbc.internal.LogicalConnectionManagedImpl.getConnectionForTransactionManagement(LogicalConnectionManagedImpl.java:267)
	at org.hibernate.resource.jdbc.internal.AbstractLogicalConnectionImplementor.rollback(AbstractLogicalConnectionImplementor.java:121)
	at org.hibernate.resource.transaction.backend.jdbc.internal.JdbcResourceLocalTransactionCoordinatorImpl$TransactionDriverControlImpl.rollback(JdbcResourceLocalTransactionCoordinatorImpl.java:304)
	at org.hibernate.engine.transaction.internal.TransactionImpl.rollback(TransactionImpl.java:142)
	at command.com.alevel.java.report.ubike.IngestWaypointCommand.execute(IngestWaypointCommand.java:58)
	at command.com.alevel.java.report.ubike.IngestWaypointCommand.execute(IngestWaypointCommand.java:16)
	at cli.com.alevel.java.report.ubike.addWaypoint.run(addWaypoint.java:45)
	at com.alevel.java.report.ubike.IngestApp.run(IngestApp.java:38)
	at com.alevel.java.report.ubike.IngestApp.main(IngestApp.java:18)
18:21:07.732 [main] INFO  org.hibernate.Version - HHH000412: Hibernate ORM core version 6.1.4.Final
18:21:09.268 [main] INFO  o.h.e.j.c.i.ConnectionProviderInitiator - HHH000130: Instantiating explicit connection provider: org.hibernate.hikaricp.internal.HikariCPConnectionProvider
18:21:09.298 [main] INFO  com.zaxxer.hikari.HikariDataSource - HikariPool-1 - Starting...
18:21:09.840 [main] INFO  com.zaxxer.hikari.HikariDataSource - HikariPool-1 - Start completed.
18:21:10.281 [main] INFO  SQL dialect - HHH000400: Using dialect: org.hibernate.dialect.PostgreSQLDialect
18:21:12.057 [main] INFO  o.h.e.t.j.p.i.JtaPlatformInitiator - HHH000490: Using JtaPlatform implementation: [org.hibernate.engine.transaction.jta.platform.internal.NoJtaPlatform]
18:22:12.186 [HikariPool-1 housekeeper] WARN  com.zaxxer.hikari.pool.HikariPool - HikariPool-1 - Thread starvation or clock leap detected (housekeeper delta=1m2s241ms328µs400ns).
18:22:24.415 [main] WARN  o.h.e.jdbc.spi.SqlExceptionHelper - SQL Error: 0, SQLState: 23505
18:22:24.415 [main] ERROR o.h.e.jdbc.spi.SqlExceptionHelper - ERROR: duplicate key value violates unique constraint "waypoints_altitude_longitude_key"
  Подробности: Key (altitude, longitude)=(49.9440577955848, 36.3017248271922) already exists.
18:22:55.022 [main] INFO  com.zaxxer.hikari.HikariDataSource - HikariPool-1 - Shutdown initiated...
18:22:55.039 [main] INFO  com.zaxxer.hikari.HikariDataSource - HikariPool-1 - Shutdown completed.
18:23:56.520 [main] ERROR com.alevel.java.report.ubike.IngestApp - Error during user interaction
java.lang.IllegalStateException: org.hibernate.resource.jdbc.internal.LogicalConnectionManagedImpl@738a5848 is closed
	at org.hibernate.resource.jdbc.internal.AbstractLogicalConnectionImplementor.errorIfClosed(AbstractLogicalConnectionImplementor.java:37)
	at org.hibernate.resource.jdbc.internal.LogicalConnectionManagedImpl.getPhysicalConnection(LogicalConnectionManagedImpl.java:136)
	at org.hibernate.resource.jdbc.internal.LogicalConnectionManagedImpl.getConnectionForTransactionManagement(LogicalConnectionManagedImpl.java:267)
	at org.hibernate.resource.jdbc.internal.AbstractLogicalConnectionImplementor.rollback(AbstractLogicalConnectionImplementor.java:121)
	at org.hibernate.resource.transaction.backend.jdbc.internal.JdbcResourceLocalTransactionCoordinatorImpl$TransactionDriverControlImpl.rollback(JdbcResourceLocalTransactionCoordinatorImpl.java:304)
	at org.hibernate.engine.transaction.internal.TransactionImpl.rollback(TransactionImpl.java:142)
	at command.com.alevel.java.report.ubike.IngestWaypointCommand.execute(IngestWaypointCommand.java:58)
	at command.com.alevel.java.report.ubike.IngestWaypointCommand.execute(IngestWaypointCommand.java:16)
	at cli.com.alevel.java.report.ubike.addWaypoint.run(addWaypoint.java:45)
	at com.alevel.java.report.ubike.IngestApp.run(IngestApp.java:38)
	at com.alevel.java.report.ubike.IngestApp.main(IngestApp.java:18)
